mode: set
elliptic/pkg/ellipticcurve/ellipticcurve.go:18.13,44.2 13 1
elliptic/pkg/ellipticcurve/ellipticcurve.go:62.53,67.2 1 1
elliptic/pkg/ellipticcurve/ellipticcurve.go:70.56,78.2 1 0
elliptic/pkg/ellipticcurve/ellipticcurve.go:81.60,83.2 1 1
elliptic/pkg/ellipticcurve/ellipticcurve.go:86.66,88.2 1 1
elliptic/pkg/ellipticcurve/ellipticcurve.go:91.72,93.2 1 0
elliptic/pkg/ellipticcurve/ellipticcurve.go:96.78,98.2 1 0
elliptic/pkg/ellipticcurve/ellipticcurve.go:101.58,119.16 11 1
elliptic/pkg/ellipticcurve/ellipticcurve.go:119.16,122.3 2 0
elliptic/pkg/ellipticcurve/ellipticcurve.go:123.2,127.36 3 1
elliptic/pkg/ellipticcurve/ellipticcurve.go:127.36,137.49 6 1
elliptic/pkg/ellipticcurve/ellipticcurve.go:137.49,142.4 3 1
elliptic/pkg/ellipticcurve/ellipticcurve.go:142.9,147.4 3 1
elliptic/pkg/ellipticcurve/ellipticcurve.go:150.2,150.35 1 1
elliptic/pkg/ellipticcurve/ellipticcurve.go:150.35,154.17 2 1
elliptic/pkg/ellipticcurve/ellipticcurve.go:154.17,157.4 2 0
elliptic/pkg/ellipticcurve/ellipticcurve.go:159.3,160.39 2 1
elliptic/pkg/ellipticcurve/ellipticcurve.go:160.39,162.4 1 1
elliptic/pkg/ellipticcurve/ellipticcurve.go:163.3,163.43 1 1
elliptic/pkg/ellipticcurve/ellipticcurve.go:166.2,166.19 1 1
elliptic/pkg/ellipticcurve/ellipticcurve.go:169.60,172.33 2 0
elliptic/pkg/ellipticcurve/ellipticcurve.go:172.33,174.3 1 0
elliptic/pkg/ellipticcurve/ellipticcurve.go:175.2,175.21 1 0
elliptic/pkg/ellipticcurve/ellipticcurve.go:180.61,188.16 8 0
elliptic/pkg/ellipticcurve/ellipticcurve.go:188.16,190.3 1 0
elliptic/pkg/ellipticcurve/ellipticcurve.go:191.2,191.35 1 0
elliptic/pkg/ellipticcurve/ellipticcurve.go:194.63,196.16 2 0
elliptic/pkg/ellipticcurve/ellipticcurve.go:196.16,198.3 1 0
elliptic/pkg/ellipticcurve/ellipticcurve.go:199.2,199.39 1 0
elliptic/pkg/ellipticcurve/ellipticcurve.go:204.49,217.41 6 0
elliptic/pkg/ellipticcurve/ellipticcurve.go:217.41,219.3 1 0
elliptic/pkg/ellipticcurve/ellipticcurve.go:221.2,221.18 1 0
elliptic/pkg/ellipticcurve/ellipticcurve.go:226.48,238.38 7 1
elliptic/pkg/ellipticcurve/ellipticcurve.go:238.38,241.3 1 1
elliptic/pkg/ellipticcurve/ellipticcurve.go:245.2,251.20 5 1
elliptic/pkg/ellipticcurve/ellipticcurve.go:255.52,264.34 5 1
elliptic/pkg/ellipticcurve/ellipticcurve.go:264.34,267.3 2 1
elliptic/pkg/ellipticcurve/ellipticcurve.go:269.2,269.14 1 1
elliptic/pkg/ellipticcurve/ellipticcurve.go:274.35,284.25 7 1
elliptic/pkg/ellipticcurve/ellipticcurve.go:284.25,293.15 7 1
elliptic/pkg/ellipticcurve/ellipticcurve.go:293.15,295.4 1 1
elliptic/pkg/ellipticcurve/ellipticcurve.go:295.9,295.21 1 1
elliptic/pkg/ellipticcurve/ellipticcurve.go:295.21,297.4 1 1
elliptic/pkg/ellipticcurve/ellipticcurve.go:297.9,299.4 1 1
elliptic/pkg/ellipticcurve/ellipticcurve.go:302.2,302.12 1 1
elliptic/pkg/ellipticcurve/ellipticcurve.go:313.48,315.19 1 1
elliptic/pkg/ellipticcurve/ellipticcurve.go:315.19,317.3 1 0
elliptic/pkg/ellipticcurve/ellipticcurve.go:318.2,322.19 2 1
elliptic/pkg/ellipticcurve/ellipticcurve.go:322.19,324.3 1 1
elliptic/pkg/ellipticcurve/ellipticcurve.go:326.2,326.40 1 1
elliptic/pkg/ellipticcurve/ellipticcurve.go:330.51,335.19 3 1
elliptic/pkg/ellipticcurve/ellipticcurve.go:335.19,337.3 1 1
elliptic/pkg/ellipticcurve/ellipticcurve.go:339.2,342.6 4 1
elliptic/pkg/ellipticcurve/ellipticcurve.go:342.6,362.28 6 1
elliptic/pkg/ellipticcurve/ellipticcurve.go:362.28,365.4 2 1
elliptic/pkg/ellipticcurve/ellipticcurve.go:367.3,376.47 6 1
elliptic/pkg/ellipticcurve/ellipticcurve.go:376.47,377.9 1 1
elliptic/pkg/ellipticcurve/ellipticcurve.go:379.3,379.128 1 1
elliptic/pkg/ellipticcurve/ellipticcurve.go:381.2,381.15 1 1
elliptic/pkg/ellipticcurve/ellipticcurve.go:386.56,398.29 7 1
elliptic/pkg/ellipticcurve/ellipticcurve.go:398.29,400.3 1 0
elliptic/pkg/ellipticcurve/ellipticcurve.go:403.2,404.16 2 1
elliptic/pkg/ellipticcurve/ellipticcurve.go:404.16,406.3 1 0
elliptic/pkg/ellipticcurve/ellipticcurve.go:409.2,416.38 6 1
elliptic/pkg/ellipticcurve/ellipticcurve.go:421.64,430.2 4 1
elliptic/pkg/ellipticcurve/ellipticcurve.go:439.46,447.51 6 1
elliptic/pkg/ellipticcurve/ellipticcurve.go:447.51,449.3 1 1
elliptic/pkg/ellipticcurve/ellipticcurve.go:452.2,452.63 1 1
elliptic/pkg/ellipticcurve/ellipticcurve.go:456.77,470.6 10 1
elliptic/pkg/ellipticcurve/ellipticcurve.go:470.6,483.41 6 1
elliptic/pkg/ellipticcurve/ellipticcurve.go:483.41,485.4 1 1
elliptic/pkg/ellipticcurve/ellipticcurve.go:488.3,493.20 4 1
elliptic/pkg/ellipticcurve/ellipticcurve.go:493.20,494.9 1 0
elliptic/pkg/ellipticcurve/ellipticcurve.go:496.3,496.11 1 1
elliptic/pkg/ellipticcurve/ellipticcurve.go:500.2,500.14 1 0
elliptic/pkg/ellipticcurve/ellipticcurve.go:504.55,512.2 3 0
elliptic/pkg/utils/utils.go:13.53,22.2 2 1
elliptic/pkg/utils/utils.go:25.86,26.16 1 0
elliptic/pkg/utils/utils.go:26.16,28.19 2 0
elliptic/pkg/utils/utils.go:28.19,30.4 1 0
elliptic/pkg/utils/utils.go:35.68,36.16 1 0
elliptic/pkg/utils/utils.go:36.16,38.3 1 0
elliptic/pkg/utils/utils.go:42.72,43.14 1 0
elliptic/pkg/utils/utils.go:43.14,45.3 1 0
elliptic/pkg/utils/utils.go:50.43,53.99 1 0
elliptic/pkg/utils/utils.go:53.99,54.28 1 0
elliptic/pkg/utils/utils.go:54.28,56.4 1 0
elliptic/pkg/utils/utils.go:58.2,58.33 1 0
elliptic/pkg/utils/utils.go:61.24,62.11 1 0
elliptic/pkg/utils/utils.go:62.11,64.3 1 0
elliptic/pkg/utils/utils.go:65.2,65.10 1 0
elliptic/pkg/utils/utils.go:69.28,71.2 1 1
elliptic/pkg/finiteintfield/finiteintfield.go:12.79,19.101 4 0
elliptic/pkg/finiteintfield/finiteintfield.go:19.101,22.3 2 0
elliptic/pkg/finiteintfield/finiteintfield.go:24.2,24.101 1 0
elliptic/pkg/finiteintfield/finiteintfield.go:24.101,33.43 6 0
elliptic/pkg/finiteintfield/finiteintfield.go:33.43,35.28 1 0
elliptic/pkg/finiteintfield/finiteintfield.go:35.28,37.5 1 0
elliptic/pkg/finiteintfield/finiteintfield.go:41.2,41.20 1 0
elliptic/pkg/finiteintfield/finiteintfield.go:48.56,51.16 2 0
elliptic/pkg/finiteintfield/finiteintfield.go:51.16,53.3 1 0
elliptic/pkg/finiteintfield/finiteintfield.go:56.2,57.35 2 0
elliptic/pkg/finiteintfield/finiteintfield.go:62.54,68.28 1 0
elliptic/pkg/finiteintfield/finiteintfield.go:68.28,70.3 1 0
elliptic/pkg/finiteintfield/finiteintfield.go:73.2,74.47 2 0
elliptic/pkg/finiteintfield/finiteintfield.go:145.48,147.31 2 0
elliptic/pkg/finiteintfield/finiteintfield.go:147.31,149.3 1 0
elliptic/pkg/finiteintfield/finiteintfield.go:150.2,150.15 1 0
elliptic/pkg/finiteintfield/finiteintfield.go:155.58,159.23 3 0
elliptic/pkg/finiteintfield/finiteintfield.go:159.23,161.27 2 0
elliptic/pkg/finiteintfield/finiteintfield.go:161.27,162.14 1 0
elliptic/pkg/finiteintfield/finiteintfield.go:162.14,165.38 2 0
elliptic/pkg/finiteintfield/finiteintfield.go:165.38,167.6 1 0
elliptic/pkg/finiteintfield/finiteintfield.go:168.10,168.21 1 0
elliptic/pkg/finiteintfield/finiteintfield.go:168.21,170.38 2 0
elliptic/pkg/finiteintfield/finiteintfield.go:170.38,172.6 1 0
elliptic/pkg/finiteintfield/finiteintfield.go:173.10,173.23 1 0
elliptic/pkg/finiteintfield/finiteintfield.go:173.23,175.5 1 0
elliptic/pkg/finiteintfield/finiteintfield.go:175.10,177.5 1 0
elliptic/pkg/finiteintfield/finiteintfield.go:180.2,184.31 3 0
elliptic/pkg/finiteintfield/finiteintfield.go:184.31,189.3 4 0
elliptic/pkg/finiteintfield/finiteintfield.go:192.2,193.29 2 0
elliptic/pkg/finiteintfield/finiteintfield.go:193.29,194.29 1 0
elliptic/pkg/finiteintfield/finiteintfield.go:194.29,197.26 2 0
elliptic/pkg/finiteintfield/finiteintfield.go:197.26,199.5 1 0
elliptic/pkg/finiteintfield/finiteintfield.go:202.4,202.28 1 0
elliptic/pkg/finiteintfield/finiteintfield.go:202.28,204.5 1 0
elliptic/pkg/finiteintfield/finiteintfield.go:207.3,207.36 1 0
elliptic/pkg/finiteintfield/finiteintfield.go:207.36,209.4 1 0
elliptic/pkg/finiteintfield/finiteintfield.go:210.3,210.17 1 0
elliptic/pkg/finiteintfield/finiteintfield.go:213.2,213.15 1 0
elliptic/pkg/pnumsys/pnumsys.go:24.75,26.33 2 0
elliptic/pkg/pnumsys/pnumsys.go:26.33,27.18 1 0
elliptic/pkg/pnumsys/pnumsys.go:27.18,34.4 5 0
elliptic/pkg/pnumsys/pnumsys.go:36.2,39.3 1 0
elliptic/pkg/pnumsys/pnumsys.go:70.59,72.16 2 0
elliptic/pkg/pnumsys/pnumsys.go:72.16,74.3 1 0
elliptic/pkg/pnumsys/pnumsys.go:75.2,93.31 15 0
elliptic/pkg/pnumsys/pnumsys.go:93.31,96.14 3 0
elliptic/pkg/pnumsys/pnumsys.go:96.14,97.9 1 0
elliptic/pkg/pnumsys/pnumsys.go:101.2,106.12 5 0
elliptic/pkg/pnumsys/pnumsys.go:110.29,113.12 3 0
elliptic/pkg/pnumsys/pnumsys.go:113.12,114.16 1 0
elliptic/pkg/pnumsys/pnumsys.go:114.16,117.4 2 0
elliptic/pkg/pnumsys/pnumsys.go:118.3,119.14 2 0
elliptic/pkg/pnumsys/pnumsys.go:119.14,120.13 1 0
elliptic/pkg/pnumsys/pnumsys.go:120.13,122.10 2 0
elliptic/pkg/pnumsys/pnumsys.go:126.2,126.16 1 0
elliptic/pkg/pnumsys/pnumsys.go:130.67,133.33 3 0
elliptic/pkg/pnumsys/pnumsys.go:133.33,137.3 2 0
elliptic/pkg/pnumsys/pnumsys.go:138.2,139.24 2 0
elliptic/pkg/pnumsys/pnumsys.go:142.56,144.16 2 0
elliptic/pkg/pnumsys/pnumsys.go:144.16,146.3 1 0
elliptic/pkg/pnumsys/pnumsys.go:147.2,166.31 17 0
elliptic/pkg/pnumsys/pnumsys.go:166.31,168.49 2 0
elliptic/pkg/pnumsys/pnumsys.go:168.49,173.4 4 0
elliptic/pkg/pnumsys/pnumsys.go:175.2,177.12 3 0
elliptic/pkg/pnumsys/pnumsys.go:180.19,182.45 1 0
elliptic/pkg/pnumsys/pnumsys.go:182.45,184.3 1 0
elliptic/pkg/pnumsys/pnumsys.go:184.8,186.3 1 0
elliptic/pkg/pnumsys/pnumsys.go:189.39,192.28 3 0
elliptic/pkg/pnumsys/pnumsys.go:192.28,195.3 2 0
elliptic/pkg/pnumsys/pnumsys.go:196.2,196.14 1 0
elliptic/pkg/pnumsys/pnumsys.go:199.29,201.27 2 0
elliptic/pkg/pnumsys/pnumsys.go:201.27,203.3 1 0
elliptic/pkg/pnumsys/pnumsys.go:204.2,204.15 1 0
elliptic/pkg/utils/utils.go:13.53,22.2 2 0
elliptic/pkg/utils/utils.go:25.86,26.16 1 0
elliptic/pkg/utils/utils.go:26.16,28.19 2 0
elliptic/pkg/utils/utils.go:28.19,30.4 1 0
elliptic/pkg/utils/utils.go:35.68,36.16 1 0
elliptic/pkg/utils/utils.go:36.16,38.3 1 0
elliptic/pkg/utils/utils.go:42.72,43.14 1 0
elliptic/pkg/utils/utils.go:43.14,45.3 1 0
elliptic/pkg/utils/utils.go:50.43,53.99 1 0
elliptic/pkg/utils/utils.go:53.99,54.28 1 0
elliptic/pkg/utils/utils.go:54.28,56.4 1 0
elliptic/pkg/utils/utils.go:58.2,58.33 1 0
elliptic/pkg/utils/utils.go:61.24,62.11 1 0
elliptic/pkg/utils/utils.go:62.11,64.3 1 0
elliptic/pkg/utils/utils.go:65.2,65.10 1 0
elliptic/pkg/utils/utils.go:69.28,71.2 1 0
